Begin: initialize.py
Begin: initialize.py
Begin: initialize.py
Begin: initialize.py
Begin: initialize.py
Begin: initialize.py
Begin: initialize.py
Begin: initialize.py
Begin: initialize.py
Begin: initialize.py
Begin: initialize.py
Begin: initialize.py
Begin Intersect
First arg: data/2019P1CommonT-2020P11FilteredV/2019_P1Common.vcf.Train.gz
Second arg: data/2019P1CommonT-2020P11FilteredV/2020_P11Filtered.vcf.Validate.gz
Begin Intersect
First arg: data/2019P1CommonT-2020P7FilteredV/2019_P1Common.vcf.Train.gz
Second arg: data/2019P1CommonT-2020P7FilteredV/2020_P7Filtered.vcf.Validate.gz
Begin Intersect
First arg: data/2019P1CommonT-2020P8FilteredV/2019_P1Common.vcf.Train.gz
Second arg: data/2019P1CommonT-2020P8FilteredV/2020_P8Filtered.vcf.Validate.gz
Begin Intersect
First arg: data/2019P1CommonT-2020P10FilteredV/2019_P1Common.vcf.Train.gz
Second arg: data/2019P1CommonT-2020P10FilteredV/2020_P10Filtered.vcf.Validate.gz
Begin Intersect
First arg: data/2019P1CommonT-2020P6FilteredV/2019_P1Common.vcf.Train.gz
Second arg: data/2019P1CommonT-2020P6FilteredV/2020_P6Filtered.vcf.Validate.gz
Begin: analysis.py
Begin: analysis.py
Begin: analysis.py
Begin: analysis.py
Begin: analysis.py
Begin Intersect
First arg: data/2019P1CommonT-2020P12FilteredV/2019_P1Common.vcf.Train.gz
Second arg: data/2019P1CommonT-2020P12FilteredV/2020_P12Filtered.vcf.Validate.gz
Begin: analysis.py
BEGIN all
Begin: gather analysis
Begin: gather analysis
Begin: gather analysis
Begin: gather analysis
Begin: gather analysis
Begin: gather analysis
