Building DAG of jobs...
Using shell: /bin/bash
Provided cores: 24
Rules claiming more threads will be scaled down.
Job stats:
job                count    min threads    max threads
---------------  -------  -------------  -------------
all                    1              1              1
analysis               6              1              1
compressTrain          6              1              1
compressValid          6              1              1
finalize               6              1              1
indexTrain             6              8              8
indexValid             6              8              8
initializeTrain        6              1              1
initializeValid        6              1              1
intersect              6             24             24
renameTrain            6              1              1
renameValid            6              1              1
total                 67              1             24

Select jobs to execute...

[Fri May 19 12:15:39 2023]
rule initializeTrain:
    input: cassettes/cassette_2019P1CommonT-2020P10FilteredV/2019_P1Common.vcf.Train
    output: data/2019P1CommonT-2020P10FilteredV/2019_P1Common.vcf.Train
    jobid: 60
    reason: Missing output files: data/2019P1CommonT-2020P10FilteredV/2019_P1Common.vcf.Train
    wildcards: runName=2019P1CommonT-2020P10FilteredV, fileName=2019_P1Common
    resources: tmpdir=/tmp

[Fri May 19 12:15:40 2023]
rule initializeValid:
    input: cassettes/cassette_2019P1CommonT-2020P10FilteredV/2020_P10Filtered.vcf.Validate
    output: data/2019P1CommonT-2020P10FilteredV/2020_P10Filtered.vcf.Validate
    jobid: 62
    reason: Missing output files: data/2019P1CommonT-2020P10FilteredV/2020_P10Filtered.vcf.Validate
    wildcards: runName=2019P1CommonT-2020P10FilteredV, fileName=2020_P10Filtered
    resources: tmpdir=/tmp

[Fri May 19 12:15:41 2023]
rule initializeTrain:
    input: cassettes/cassette_2019P1CommonT-2020P8FilteredV/2019_P1Common.vcf.Train
    output: data/2019P1CommonT-2020P8FilteredV/2019_P1Common.vcf.Train
    jobid: 49
    reason: Missing output files: data/2019P1CommonT-2020P8FilteredV/2019_P1Common.vcf.Train
    wildcards: runName=2019P1CommonT-2020P8FilteredV, fileName=2019_P1Common
    resources: tmpdir=/tmp

/home/holdens/miniconda3/envs/snakemake/bin/python3.10 /mnt/QNAP/holdens/PROC/cassetteIntersect/.snakemake/scripts/tmpi5anv1zw.initialize.py

/home/holdens/miniconda3/envs/snakemake/bin/python3.10 /mnt/QNAP/holdens/PROC/cassetteIntersect/.snakemake/scripts/tmpb249g7q4.initialize.py
[Fri May 19 12:15:42 2023]
rule initializeTrain:
    input: cassettes/cassette_2019P1CommonT-2020P6FilteredV/2019_P1Common.vcf.Train
    output: data/2019P1CommonT-2020P6FilteredV/2019_P1Common.vcf.Train
    jobid: 38
    reason: Missing output files: data/2019P1CommonT-2020P6FilteredV/2019_P1Common.vcf.Train
    wildcards: runName=2019P1CommonT-2020P6FilteredV, fileName=2019_P1Common
    resources: tmpdir=/tmp
/home/holdens/miniconda3/envs/snakemake/bin/python3.10 /mnt/QNAP/holdens/PROC/cassetteIntersect/.snakemake/scripts/tmpljfzs23j.initialize.py

[Fri May 19 12:15:43 2023]
rule initializeValid:
    input: cassettes/cassette_2019P1CommonT-2020P8FilteredV/2020_P8Filtered.vcf.Validate
    output: data/2019P1CommonT-2020P8FilteredV/2020_P8Filtered.vcf.Validate
    jobid: 51
    reason: Missing output files: data/2019P1CommonT-2020P8FilteredV/2020_P8Filtered.vcf.Validate
    wildcards: runName=2019P1CommonT-2020P8FilteredV, fileName=2020_P8Filtered
    resources: tmpdir=/tmp

/home/holdens/miniconda3/envs/snakemake/bin/python3.10 /mnt/QNAP/holdens/PROC/cassetteIntersect/.snakemake/scripts/tmp6s8ivyfk.initialize.py

[Fri May 19 12:15:44 2023]
rule initializeValid:
    input: cassettes/cassette_2019P1CommonT-2020P6FilteredV/2020_P6Filtered.vcf.Validate
    output: data/2019P1CommonT-2020P6FilteredV/2020_P6Filtered.vcf.Validate
    jobid: 40
    reason: Missing output files: data/2019P1CommonT-2020P6FilteredV/2020_P6Filtered.vcf.Validate
    wildcards: runName=2019P1CommonT-2020P6FilteredV, fileName=2020_P6Filtered
    resources: tmpdir=/tmp
/home/holdens/miniconda3/envs/snakemake/bin/python3.10 /mnt/QNAP/holdens/PROC/cassetteIntersect/.snakemake/scripts/tmp0_8laflg.initialize.py

[Fri May 19 12:15:45 2023]
rule initializeTrain:
    input: cassettes/cassette_2019P1CommonT-2020P11FilteredV/2019_P1Common.vcf.Train
    output: data/2019P1CommonT-2020P11FilteredV/2019_P1Common.vcf.Train
    jobid: 27
    reason: Missing output files: data/2019P1CommonT-2020P11FilteredV/2019_P1Common.vcf.Train
    wildcards: runName=2019P1CommonT-2020P11FilteredV, fileName=2019_P1Common
    resources: tmpdir=/tmp

/home/holdens/miniconda3/envs/snakemake/bin/python3.10 /mnt/QNAP/holdens/PROC/cassetteIntersect/.snakemake/scripts/tmpv0zcvya6.initialize.py

[Fri May 19 12:15:45 2023]
rule initializeValid:
    input: cassettes/cassette_2019P1CommonT-2020P11FilteredV/2020_P11Filtered.vcf.Validate
    output: data/2019P1CommonT-2020P11FilteredV/2020_P11Filtered.vcf.Validate
    jobid: 29
    reason: Missing output files: data/2019P1CommonT-2020P11FilteredV/2020_P11Filtered.vcf.Validate
    wildcards: runName=2019P1CommonT-2020P11FilteredV, fileName=2020_P11Filtered
    resources: tmpdir=/tmp

/home/holdens/miniconda3/envs/snakemake/bin/python3.10 /mnt/QNAP/holdens/PROC/cassetteIntersect/.snakemake/scripts/tmpqlhvnrw7.initialize.py

[Fri May 19 12:15:46 2023]
rule initializeTrain:
    input: cassettes/cassette_2019P1CommonT-2020P7FilteredV/2019_P1Common.vcf.Train
    output: data/2019P1CommonT-2020P7FilteredV/2019_P1Common.vcf.Train
    jobid: 16
    reason: Missing output files: data/2019P1CommonT-2020P7FilteredV/2019_P1Common.vcf.Train
    wildcards: runName=2019P1CommonT-2020P7FilteredV, fileName=2019_P1Common
    resources: tmpdir=/tmp

/home/holdens/miniconda3/envs/snakemake/bin/python3.10 /mnt/QNAP/holdens/PROC/cassetteIntersect/.snakemake/scripts/tmpxf7dxdd9.initialize.py

[Fri May 19 12:15:47 2023]
rule initializeValid:
    input: cassettes/cassette_2019P1CommonT-2020P7FilteredV/2020_P7Filtered.vcf.Validate
    output: data/2019P1CommonT-2020P7FilteredV/2020_P7Filtered.vcf.Validate
    jobid: 18
    reason: Missing output files: data/2019P1CommonT-2020P7FilteredV/2020_P7Filtered.vcf.Validate
    wildcards: runName=2019P1CommonT-2020P7FilteredV, fileName=2020_P7Filtered
    resources: tmpdir=/tmp

/home/holdens/miniconda3/envs/snakemake/bin/python3.10 /mnt/QNAP/holdens/PROC/cassetteIntersect/.snakemake/scripts/tmpofc1ahni.initialize.py

[Fri May 19 12:15:48 2023]
rule initializeTrain:
    input: cassettes/cassette_2019P1CommonT-2020P12FilteredV/2019_P1Common.vcf.Train
    output: data/2019P1CommonT-2020P12FilteredV/2019_P1Common.vcf.Train
    jobid: 5
    reason: Missing output files: data/2019P1CommonT-2020P12FilteredV/2019_P1Common.vcf.Train
    wildcards: runName=2019P1CommonT-2020P12FilteredV, fileName=2019_P1Common
    resources: tmpdir=/tmp

/home/holdens/miniconda3/envs/snakemake/bin/python3.10 /mnt/QNAP/holdens/PROC/cassetteIntersect/.snakemake/scripts/tmprvom3102.initialize.py

[Fri May 19 12:15:49 2023]
rule initializeValid:
    input: cassettes/cassette_2019P1CommonT-2020P12FilteredV/2020_P12Filtered.vcf.Validate
    output: data/2019P1CommonT-2020P12FilteredV/2020_P12Filtered.vcf.Validate
    jobid: 7
    reason: Missing output files: data/2019P1CommonT-2020P12FilteredV/2020_P12Filtered.vcf.Validate
    wildcards: runName=2019P1CommonT-2020P12FilteredV, fileName=2020_P12Filtered
    resources: tmpdir=/tmp

/home/holdens/miniconda3/envs/snakemake/bin/python3.10 /mnt/QNAP/holdens/PROC/cassetteIntersect/.snakemake/scripts/tmpjh7y9a51.initialize.py
/home/holdens/miniconda3/envs/snakemake/bin/python3.10 /mnt/QNAP/holdens/PROC/cassetteIntersect/.snakemake/scripts/tmpngcvpaqq.initialize.py
[Fri May 19 12:27:58 2023]
Finished job 49.
1 of 67 steps (1%) done
Select jobs to execute...

[Fri May 19 12:27:58 2023]
rule compressTrain:
    input: data/2019P1CommonT-2020P8FilteredV/2019_P1Common.vcf.Train
    output: data/2019P1CommonT-2020P8FilteredV/2019_P1Common.vcf.Train.gz
    jobid: 48
    reason: Missing output files: data/2019P1CommonT-2020P8FilteredV/2019_P1Common.vcf.Train.gz; Input files updated by another job: data/2019P1CommonT-2020P8FilteredV/2019_P1Common.vcf.Train
    wildcards: runName=2019P1CommonT-2020P8FilteredV, train=2019_P1Common
    resources: tmpdir=/tmp


        bgzip -c data/2019P1CommonT-2020P8FilteredV/2019_P1Common.vcf.Train > data/2019P1CommonT-2020P8FilteredV/2019_P1Common.vcf.Train.gz
        
Activating conda environment: .snakemake/conda/be6294f051e5e63a9d8469cd6a1e29ca
[Fri May 19 12:28:00 2023]
Finished job 38.
2 of 67 steps (3%) done
[Fri May 19 12:28:02 2023]
Finished job 60.
3 of 67 steps (4%) done
Select jobs to execute...

[Fri May 19 12:28:03 2023]
rule compressTrain:
    input: data/2019P1CommonT-2020P6FilteredV/2019_P1Common.vcf.Train
    output: data/2019P1CommonT-2020P6FilteredV/2019_P1Common.vcf.Train.gz
    jobid: 37
    reason: Missing output files: data/2019P1CommonT-2020P6FilteredV/2019_P1Common.vcf.Train.gz; Input files updated by another job: data/2019P1CommonT-2020P6FilteredV/2019_P1Common.vcf.Train
    wildcards: runName=2019P1CommonT-2020P6FilteredV, train=2019_P1Common
    resources: tmpdir=/tmp


        bgzip -c data/2019P1CommonT-2020P6FilteredV/2019_P1Common.vcf.Train > data/2019P1CommonT-2020P6FilteredV/2019_P1Common.vcf.Train.gz
        
Activating conda environment: .snakemake/conda/be6294f051e5e63a9d8469cd6a1e29ca

[Fri May 19 12:28:05 2023]
rule compressTrain:
    input: data/2019P1CommonT-2020P10FilteredV/2019_P1Common.vcf.Train
    output: data/2019P1CommonT-2020P10FilteredV/2019_P1Common.vcf.Train.gz
    jobid: 59
    reason: Missing output files: data/2019P1CommonT-2020P10FilteredV/2019_P1Common.vcf.Train.gz; Input files updated by another job: data/2019P1CommonT-2020P10FilteredV/2019_P1Common.vcf.Train
    wildcards: runName=2019P1CommonT-2020P10FilteredV, train=2019_P1Common
    resources: tmpdir=/tmp


        bgzip -c data/2019P1CommonT-2020P10FilteredV/2019_P1Common.vcf.Train > data/2019P1CommonT-2020P10FilteredV/2019_P1Common.vcf.Train.gz
        
Activating conda environment: .snakemake/conda/be6294f051e5e63a9d8469cd6a1e29ca
[Fri May 19 12:28:07 2023]
Finished job 27.
4 of 67 steps (6%) done
[Fri May 19 12:28:08 2023]
Finished job 16.
5 of 67 steps (7%) done
Select jobs to execute...

[Fri May 19 12:28:09 2023]
rule compressTrain:
    input: data/2019P1CommonT-2020P7FilteredV/2019_P1Common.vcf.Train
    output: data/2019P1CommonT-2020P7FilteredV/2019_P1Common.vcf.Train.gz
    jobid: 15
    reason: Missing output files: data/2019P1CommonT-2020P7FilteredV/2019_P1Common.vcf.Train.gz; Input files updated by another job: data/2019P1CommonT-2020P7FilteredV/2019_P1Common.vcf.Train
    wildcards: runName=2019P1CommonT-2020P7FilteredV, train=2019_P1Common
    resources: tmpdir=/tmp


        bgzip -c data/2019P1CommonT-2020P7FilteredV/2019_P1Common.vcf.Train > data/2019P1CommonT-2020P7FilteredV/2019_P1Common.vcf.Train.gz
        
Activating conda environment: .snakemake/conda/be6294f051e5e63a9d8469cd6a1e29ca

[Fri May 19 12:28:10 2023]
rule compressTrain:
    input: data/2019P1CommonT-2020P11FilteredV/2019_P1Common.vcf.Train
    output: data/2019P1CommonT-2020P11FilteredV/2019_P1Common.vcf.Train.gz
    jobid: 26
    reason: Missing output files: data/2019P1CommonT-2020P11FilteredV/2019_P1Common.vcf.Train.gz; Input files updated by another job: data/2019P1CommonT-2020P11FilteredV/2019_P1Common.vcf.Train
    wildcards: runName=2019P1CommonT-2020P11FilteredV, train=2019_P1Common
    resources: tmpdir=/tmp


        bgzip -c data/2019P1CommonT-2020P11FilteredV/2019_P1Common.vcf.Train > data/2019P1CommonT-2020P11FilteredV/2019_P1Common.vcf.Train.gz
        
Activating conda environment: .snakemake/conda/be6294f051e5e63a9d8469cd6a1e29ca
[Fri May 19 12:28:10 2023]
Finished job 5.
6 of 67 steps (9%) done
Select jobs to execute...

[Fri May 19 12:28:11 2023]
rule compressTrain:
    input: data/2019P1CommonT-2020P12FilteredV/2019_P1Common.vcf.Train
    output: data/2019P1CommonT-2020P12FilteredV/2019_P1Common.vcf.Train.gz
    jobid: 4
    reason: Missing output files: data/2019P1CommonT-2020P12FilteredV/2019_P1Common.vcf.Train.gz; Input files updated by another job: data/2019P1CommonT-2020P12FilteredV/2019_P1Common.vcf.Train
    wildcards: runName=2019P1CommonT-2020P12FilteredV, train=2019_P1Common
    resources: tmpdir=/tmp


        bgzip -c data/2019P1CommonT-2020P12FilteredV/2019_P1Common.vcf.Train > data/2019P1CommonT-2020P12FilteredV/2019_P1Common.vcf.Train.gz
        
Activating conda environment: .snakemake/conda/be6294f051e5e63a9d8469cd6a1e29ca
[Fri May 19 12:31:00 2023]
Finished job 48.
7 of 67 steps (10%) done
Removing temporary output data/2019P1CommonT-2020P8FilteredV/2019_P1Common.vcf.Train.
Select jobs to execute...

[Fri May 19 12:31:00 2023]
rule indexTrain:
    input: data/2019P1CommonT-2020P8FilteredV/2019_P1Common.vcf.Train.gz
    output: data/2019P1CommonT-2020P8FilteredV/2019_P1Common.vcf.Train.gz.csi
    jobid: 52
    reason: Missing output files: data/2019P1CommonT-2020P8FilteredV/2019_P1Common.vcf.Train.gz.csi; Input files updated by another job: data/2019P1CommonT-2020P8FilteredV/2019_P1Common.vcf.Train.gz
    wildcards: runName=2019P1CommonT-2020P8FilteredV, train=2019_P1Common
    threads: 8
    resources: tmpdir=/tmp


        bcftools index -cf --threads 8 data/2019P1CommonT-2020P8FilteredV/2019_P1Common.vcf.Train.gz > data/2019P1CommonT-2020P8FilteredV/2019_P1Common.vcf.Train.gz.csi
        
Activating conda environment: .snakemake/conda/76ff2408261345faa7c12fc405537ddd
[Fri May 19 12:31:07 2023]
Finished job 37.
8 of 67 steps (12%) done
Removing temporary output data/2019P1CommonT-2020P6FilteredV/2019_P1Common.vcf.Train.
[Fri May 19 12:31:14 2023]
Finished job 59.
9 of 67 steps (13%) done
Removing temporary output data/2019P1CommonT-2020P10FilteredV/2019_P1Common.vcf.Train.
Select jobs to execute...
[Fri May 19 12:31:17 2023]
Finished job 15.
10 of 67 steps (15%) done
Removing temporary output data/2019P1CommonT-2020P7FilteredV/2019_P1Common.vcf.Train.
[Fri May 19 12:31:22 2023]
Finished job 26.
11 of 67 steps (16%) done
Removing temporary output data/2019P1CommonT-2020P11FilteredV/2019_P1Common.vcf.Train.

[Fri May 19 12:31:23 2023]
rule indexTrain:
    input: data/2019P1CommonT-2020P10FilteredV/2019_P1Common.vcf.Train.gz
    output: data/2019P1CommonT-2020P10FilteredV/2019_P1Common.vcf.Train.gz.csi
    jobid: 63
    reason: Missing output files: data/2019P1CommonT-2020P10FilteredV/2019_P1Common.vcf.Train.gz.csi; Input files updated by another job: data/2019P1CommonT-2020P10FilteredV/2019_P1Common.vcf.Train.gz
    wildcards: runName=2019P1CommonT-2020P10FilteredV, train=2019_P1Common
    threads: 8
    resources: tmpdir=/tmp


        bcftools index -cf --threads 8 data/2019P1CommonT-2020P10FilteredV/2019_P1Common.vcf.Train.gz > data/2019P1CommonT-2020P10FilteredV/2019_P1Common.vcf.Train.gz.csi
        
Activating conda environment: .snakemake/conda/76ff2408261345faa7c12fc405537ddd
[Fri May 19 12:31:23 2023]
Finished job 4.
12 of 67 steps (18%) done
Removing temporary output data/2019P1CommonT-2020P12FilteredV/2019_P1Common.vcf.Train.
Select jobs to execute...
[Fri May 19 12:31:39 2023]
Finished job 52.
13 of 67 steps (19%) done

[Fri May 19 12:31:40 2023]
rule indexTrain:
    input: data/2019P1CommonT-2020P11FilteredV/2019_P1Common.vcf.Train.gz
    output: data/2019P1CommonT-2020P11FilteredV/2019_P1Common.vcf.Train.gz.csi
    jobid: 30
    reason: Missing output files: data/2019P1CommonT-2020P11FilteredV/2019_P1Common.vcf.Train.gz.csi; Input files updated by another job: data/2019P1CommonT-2020P11FilteredV/2019_P1Common.vcf.Train.gz
    wildcards: runName=2019P1CommonT-2020P11FilteredV, train=2019_P1Common
    threads: 8
    resources: tmpdir=/tmp


        bcftools index -cf --threads 8 data/2019P1CommonT-2020P11FilteredV/2019_P1Common.vcf.Train.gz > data/2019P1CommonT-2020P11FilteredV/2019_P1Common.vcf.Train.gz.csi
        
Activating conda environment: .snakemake/conda/76ff2408261345faa7c12fc405537ddd
[Fri May 19 12:31:41 2023]
Finished job 63.
14 of 67 steps (21%) done
Select jobs to execute...

[Fri May 19 12:31:42 2023]
rule indexTrain:
    input: data/2019P1CommonT-2020P12FilteredV/2019_P1Common.vcf.Train.gz
    output: data/2019P1CommonT-2020P12FilteredV/2019_P1Common.vcf.Train.gz.csi
    jobid: 8
    reason: Missing output files: data/2019P1CommonT-2020P12FilteredV/2019_P1Common.vcf.Train.gz.csi; Input files updated by another job: data/2019P1CommonT-2020P12FilteredV/2019_P1Common.vcf.Train.gz
    wildcards: runName=2019P1CommonT-2020P12FilteredV, train=2019_P1Common
    threads: 8
    resources: tmpdir=/tmp


        bcftools index -cf --threads 8 data/2019P1CommonT-2020P12FilteredV/2019_P1Common.vcf.Train.gz > data/2019P1CommonT-2020P12FilteredV/2019_P1Common.vcf.Train.gz.csi
        
Activating conda environment: .snakemake/conda/76ff2408261345faa7c12fc405537ddd
[Fri May 19 12:31:49 2023]
Finished job 30.
15 of 67 steps (22%) done
Select jobs to execute...

[Fri May 19 12:31:49 2023]
rule indexTrain:
    input: data/2019P1CommonT-2020P6FilteredV/2019_P1Common.vcf.Train.gz
    output: data/2019P1CommonT-2020P6FilteredV/2019_P1Common.vcf.Train.gz.csi
    jobid: 41
    reason: Missing output files: data/2019P1CommonT-2020P6FilteredV/2019_P1Common.vcf.Train.gz.csi; Input files updated by another job: data/2019P1CommonT-2020P6FilteredV/2019_P1Common.vcf.Train.gz
    wildcards: runName=2019P1CommonT-2020P6FilteredV, train=2019_P1Common
    threads: 8
    resources: tmpdir=/tmp


        bcftools index -cf --threads 8 data/2019P1CommonT-2020P6FilteredV/2019_P1Common.vcf.Train.gz > data/2019P1CommonT-2020P6FilteredV/2019_P1Common.vcf.Train.gz.csi
        
Activating conda environment: .snakemake/conda/76ff2408261345faa7c12fc405537ddd
[Fri May 19 12:31:50 2023]
Finished job 8.
16 of 67 steps (24%) done
Select jobs to execute...

[Fri May 19 12:31:50 2023]
rule indexTrain:
    input: data/2019P1CommonT-2020P7FilteredV/2019_P1Common.vcf.Train.gz
    output: data/2019P1CommonT-2020P7FilteredV/2019_P1Common.vcf.Train.gz.csi
    jobid: 19
    reason: Missing output files: data/2019P1CommonT-2020P7FilteredV/2019_P1Common.vcf.Train.gz.csi; Input files updated by another job: data/2019P1CommonT-2020P7FilteredV/2019_P1Common.vcf.Train.gz
    wildcards: runName=2019P1CommonT-2020P7FilteredV, train=2019_P1Common
    threads: 8
    resources: tmpdir=/tmp


        bcftools index -cf --threads 8 data/2019P1CommonT-2020P7FilteredV/2019_P1Common.vcf.Train.gz > data/2019P1CommonT-2020P7FilteredV/2019_P1Common.vcf.Train.gz.csi
        
Activating conda environment: .snakemake/conda/76ff2408261345faa7c12fc405537ddd
[Fri May 19 12:31:57 2023]
Finished job 41.
17 of 67 steps (25%) done
[Fri May 19 12:31:59 2023]
Finished job 19.
18 of 67 steps (27%) done
[Fri May 19 12:46:04 2023]
Finished job 40.
19 of 67 steps (28%) done
Select jobs to execute...

[Fri May 19 12:46:04 2023]
rule compressValid:
    input: data/2019P1CommonT-2020P6FilteredV/2020_P6Filtered.vcf.Validate
    output: data/2019P1CommonT-2020P6FilteredV/2020_P6Filtered.vcf.Validate.gz
    jobid: 39
    reason: Missing output files: data/2019P1CommonT-2020P6FilteredV/2020_P6Filtered.vcf.Validate.gz; Input files updated by another job: data/2019P1CommonT-2020P6FilteredV/2020_P6Filtered.vcf.Validate
    wildcards: runName=2019P1CommonT-2020P6FilteredV, valid=2020_P6Filtered
    resources: tmpdir=/tmp


        bgzip -c data/2019P1CommonT-2020P6FilteredV/2020_P6Filtered.vcf.Validate > data/2019P1CommonT-2020P6FilteredV/2020_P6Filtered.vcf.Validate.gz
        
Activating conda environment: .snakemake/conda/be6294f051e5e63a9d8469cd6a1e29ca
[Fri May 19 12:48:16 2023]
Finished job 62.
20 of 67 steps (30%) done
Select jobs to execute...

[Fri May 19 12:48:17 2023]
rule compressValid:
    input: data/2019P1CommonT-2020P10FilteredV/2020_P10Filtered.vcf.Validate
    output: data/2019P1CommonT-2020P10FilteredV/2020_P10Filtered.vcf.Validate.gz
    jobid: 61
    reason: Missing output files: data/2019P1CommonT-2020P10FilteredV/2020_P10Filtered.vcf.Validate.gz; Input files updated by another job: data/2019P1CommonT-2020P10FilteredV/2020_P10Filtered.vcf.Validate
    wildcards: runName=2019P1CommonT-2020P10FilteredV, valid=2020_P10Filtered
    resources: tmpdir=/tmp


        bgzip -c data/2019P1CommonT-2020P10FilteredV/2020_P10Filtered.vcf.Validate > data/2019P1CommonT-2020P10FilteredV/2020_P10Filtered.vcf.Validate.gz
        
Activating conda environment: .snakemake/conda/be6294f051e5e63a9d8469cd6a1e29ca
[Fri May 19 12:48:18 2023]
Finished job 51.
21 of 67 steps (31%) done
Select jobs to execute...

[Fri May 19 12:48:18 2023]
rule compressValid:
    input: data/2019P1CommonT-2020P8FilteredV/2020_P8Filtered.vcf.Validate
    output: data/2019P1CommonT-2020P8FilteredV/2020_P8Filtered.vcf.Validate.gz
    jobid: 50
    reason: Missing output files: data/2019P1CommonT-2020P8FilteredV/2020_P8Filtered.vcf.Validate.gz; Input files updated by another job: data/2019P1CommonT-2020P8FilteredV/2020_P8Filtered.vcf.Validate
    wildcards: runName=2019P1CommonT-2020P8FilteredV, valid=2020_P8Filtered
    resources: tmpdir=/tmp


        bgzip -c data/2019P1CommonT-2020P8FilteredV/2020_P8Filtered.vcf.Validate > data/2019P1CommonT-2020P8FilteredV/2020_P8Filtered.vcf.Validate.gz
        
Activating conda environment: .snakemake/conda/be6294f051e5e63a9d8469cd6a1e29ca
[Fri May 19 12:50:44 2023]
Finished job 18.
22 of 67 steps (33%) done
Select jobs to execute...

[Fri May 19 12:50:44 2023]
rule compressValid:
    input: data/2019P1CommonT-2020P7FilteredV/2020_P7Filtered.vcf.Validate
    output: data/2019P1CommonT-2020P7FilteredV/2020_P7Filtered.vcf.Validate.gz
    jobid: 17
    reason: Missing output files: data/2019P1CommonT-2020P7FilteredV/2020_P7Filtered.vcf.Validate.gz; Input files updated by another job: data/2019P1CommonT-2020P7FilteredV/2020_P7Filtered.vcf.Validate
    wildcards: runName=2019P1CommonT-2020P7FilteredV, valid=2020_P7Filtered
    resources: tmpdir=/tmp


        bgzip -c data/2019P1CommonT-2020P7FilteredV/2020_P7Filtered.vcf.Validate > data/2019P1CommonT-2020P7FilteredV/2020_P7Filtered.vcf.Validate.gz
        
Activating conda environment: .snakemake/conda/be6294f051e5e63a9d8469cd6a1e29ca
[Fri May 19 12:52:12 2023]
Finished job 39.
23 of 67 steps (34%) done
Removing temporary output data/2019P1CommonT-2020P6FilteredV/2020_P6Filtered.vcf.Validate.
Select jobs to execute...

[Fri May 19 12:52:12 2023]
rule indexValid:
    input: data/2019P1CommonT-2020P6FilteredV/2020_P6Filtered.vcf.Validate.gz
    output: data/2019P1CommonT-2020P6FilteredV/2020_P6Filtered.vcf.Validate.gz.csi
    jobid: 42
    reason: Missing output files: data/2019P1CommonT-2020P6FilteredV/2020_P6Filtered.vcf.Validate.gz.csi; Input files updated by another job: data/2019P1CommonT-2020P6FilteredV/2020_P6Filtered.vcf.Validate.gz
    wildcards: runName=2019P1CommonT-2020P6FilteredV, valid=2020_P6Filtered
    threads: 8
    resources: tmpdir=/tmp


        bcftools index -cf --threads 8 data/2019P1CommonT-2020P6FilteredV/2020_P6Filtered.vcf.Validate.gz > data/2019P1CommonT-2020P6FilteredV/2020_P6Filtered.vcf.Validate.gz.csi
        
Activating conda environment: .snakemake/conda/76ff2408261345faa7c12fc405537ddd
[Fri May 19 12:52:23 2023]
Finished job 42.
24 of 67 steps (36%) done
Select jobs to execute...
[Fri May 19 12:52:28 2023]
Finished job 29.
25 of 67 steps (37%) done

[Fri May 19 12:52:28 2023]
rule compressValid:
    input: data/2019P1CommonT-2020P11FilteredV/2020_P11Filtered.vcf.Validate
    output: data/2019P1CommonT-2020P11FilteredV/2020_P11Filtered.vcf.Validate.gz
    jobid: 28
    reason: Missing output files: data/2019P1CommonT-2020P11FilteredV/2020_P11Filtered.vcf.Validate.gz; Input files updated by another job: data/2019P1CommonT-2020P11FilteredV/2020_P11Filtered.vcf.Validate
    wildcards: runName=2019P1CommonT-2020P11FilteredV, valid=2020_P11Filtered
    resources: tmpdir=/tmp


        bgzip -c data/2019P1CommonT-2020P11FilteredV/2020_P11Filtered.vcf.Validate > data/2019P1CommonT-2020P11FilteredV/2020_P11Filtered.vcf.Validate.gz
        
Activating conda environment: .snakemake/conda/be6294f051e5e63a9d8469cd6a1e29ca
[Fri May 19 12:52:34 2023]
Finished job 61.
26 of 67 steps (39%) done
Removing temporary output data/2019P1CommonT-2020P10FilteredV/2020_P10Filtered.vcf.Validate.
Select jobs to execute...

[Fri May 19 12:52:34 2023]
rule indexValid:
    input: data/2019P1CommonT-2020P10FilteredV/2020_P10Filtered.vcf.Validate.gz
    output: data/2019P1CommonT-2020P10FilteredV/2020_P10Filtered.vcf.Validate.gz.csi
    jobid: 64
    reason: Missing output files: data/2019P1CommonT-2020P10FilteredV/2020_P10Filtered.vcf.Validate.gz.csi; Input files updated by another job: data/2019P1CommonT-2020P10FilteredV/2020_P10Filtered.vcf.Validate.gz
    wildcards: runName=2019P1CommonT-2020P10FilteredV, valid=2020_P10Filtered
    threads: 8
    resources: tmpdir=/tmp


        bcftools index -cf --threads 8 data/2019P1CommonT-2020P10FilteredV/2020_P10Filtered.vcf.Validate.gz > data/2019P1CommonT-2020P10FilteredV/2020_P10Filtered.vcf.Validate.gz.csi
        
Activating conda environment: .snakemake/conda/76ff2408261345faa7c12fc405537ddd
[Fri May 19 12:52:37 2023]
Finished job 50.
27 of 67 steps (40%) done
Removing temporary output data/2019P1CommonT-2020P8FilteredV/2020_P8Filtered.vcf.Validate.
Select jobs to execute...

[Fri May 19 12:52:37 2023]
rule indexValid:
    input: data/2019P1CommonT-2020P8FilteredV/2020_P8Filtered.vcf.Validate.gz
    output: data/2019P1CommonT-2020P8FilteredV/2020_P8Filtered.vcf.Validate.gz.csi
    jobid: 53
    reason: Missing output files: data/2019P1CommonT-2020P8FilteredV/2020_P8Filtered.vcf.Validate.gz.csi; Input files updated by another job: data/2019P1CommonT-2020P8FilteredV/2020_P8Filtered.vcf.Validate.gz
    wildcards: runName=2019P1CommonT-2020P8FilteredV, valid=2020_P8Filtered
    threads: 8
    resources: tmpdir=/tmp


        bcftools index -cf --threads 8 data/2019P1CommonT-2020P8FilteredV/2020_P8Filtered.vcf.Validate.gz > data/2019P1CommonT-2020P8FilteredV/2020_P8Filtered.vcf.Validate.gz.csi
        
Activating conda environment: .snakemake/conda/76ff2408261345faa7c12fc405537ddd
[Fri May 19 12:52:47 2023]
Finished job 64.
28 of 67 steps (42%) done
Select jobs to execute...
[Fri May 19 12:52:49 2023]
Finished job 53.
29 of 67 steps (43%) done
[Fri May 19 12:52:55 2023]
Finished job 7.
30 of 67 steps (45%) done

[Fri May 19 12:52:55 2023]
rule compressValid:
    input: data/2019P1CommonT-2020P12FilteredV/2020_P12Filtered.vcf.Validate
    output: data/2019P1CommonT-2020P12FilteredV/2020_P12Filtered.vcf.Validate.gz
    jobid: 6
    reason: Missing output files: data/2019P1CommonT-2020P12FilteredV/2020_P12Filtered.vcf.Validate.gz; Input files updated by another job: data/2019P1CommonT-2020P12FilteredV/2020_P12Filtered.vcf.Validate
    wildcards: runName=2019P1CommonT-2020P12FilteredV, valid=2020_P12Filtered
    resources: tmpdir=/tmp


        bgzip -c data/2019P1CommonT-2020P12FilteredV/2020_P12Filtered.vcf.Validate > data/2019P1CommonT-2020P12FilteredV/2020_P12Filtered.vcf.Validate.gz
        
Activating conda environment: .snakemake/conda/be6294f051e5e63a9d8469cd6a1e29ca
[Fri May 19 12:53:07 2023]
Finished job 17.
31 of 67 steps (46%) done
Removing temporary output data/2019P1CommonT-2020P7FilteredV/2020_P7Filtered.vcf.Validate.
Select jobs to execute...

[Fri May 19 12:53:07 2023]
rule indexValid:
    input: data/2019P1CommonT-2020P7FilteredV/2020_P7Filtered.vcf.Validate.gz
    output: data/2019P1CommonT-2020P7FilteredV/2020_P7Filtered.vcf.Validate.gz.csi
    jobid: 20
    reason: Missing output files: data/2019P1CommonT-2020P7FilteredV/2020_P7Filtered.vcf.Validate.gz.csi; Input files updated by another job: data/2019P1CommonT-2020P7FilteredV/2020_P7Filtered.vcf.Validate.gz
    wildcards: runName=2019P1CommonT-2020P7FilteredV, valid=2020_P7Filtered
    threads: 8
    resources: tmpdir=/tmp


        bcftools index -cf --threads 8 data/2019P1CommonT-2020P7FilteredV/2020_P7Filtered.vcf.Validate.gz > data/2019P1CommonT-2020P7FilteredV/2020_P7Filtered.vcf.Validate.gz.csi
        
Activating conda environment: .snakemake/conda/76ff2408261345faa7c12fc405537ddd
[Fri May 19 12:53:16 2023]
Finished job 20.
32 of 67 steps (48%) done
Select jobs to execute...
[Fri May 19 12:55:26 2023]
Finished job 28.
33 of 67 steps (49%) done
Removing temporary output data/2019P1CommonT-2020P11FilteredV/2020_P11Filtered.vcf.Validate.

[Fri May 19 12:55:26 2023]
rule indexValid:
    input: data/2019P1CommonT-2020P11FilteredV/2020_P11Filtered.vcf.Validate.gz
    output: data/2019P1CommonT-2020P11FilteredV/2020_P11Filtered.vcf.Validate.gz.csi
    jobid: 31
    reason: Missing output files: data/2019P1CommonT-2020P11FilteredV/2020_P11Filtered.vcf.Validate.gz.csi; Input files updated by another job: data/2019P1CommonT-2020P11FilteredV/2020_P11Filtered.vcf.Validate.gz
    wildcards: runName=2019P1CommonT-2020P11FilteredV, valid=2020_P11Filtered
    threads: 8
    resources: tmpdir=/tmp


        bcftools index -cf --threads 8 data/2019P1CommonT-2020P11FilteredV/2020_P11Filtered.vcf.Validate.gz > data/2019P1CommonT-2020P11FilteredV/2020_P11Filtered.vcf.Validate.gz.csi
        
Activating conda environment: .snakemake/conda/76ff2408261345faa7c12fc405537ddd
[Fri May 19 12:55:36 2023]
Finished job 31.
34 of 67 steps (51%) done
Select jobs to execute...
[Fri May 19 12:55:46 2023]
Finished job 6.
35 of 67 steps (52%) done
Removing temporary output data/2019P1CommonT-2020P12FilteredV/2020_P12Filtered.vcf.Validate.

[Fri May 19 12:55:47 2023]
rule intersect:
    input: data/2019P1CommonT-2020P11FilteredV/2019_P1Common.vcf.Train.gz, data/2019P1CommonT-2020P11FilteredV/2020_P11Filtered.vcf.Validate.gz, data/2019P1CommonT-2020P11FilteredV/2019_P1Common.vcf.Train.gz.csi, data/2019P1CommonT-2020P11FilteredV/2020_P11Filtered.vcf.Validate.gz.csi
    output: data/2019P1CommonT-2020P11FilteredV/0000.vcf, data/2019P1CommonT-2020P11FilteredV/0001.vcf, data/2019P1CommonT-2020P11FilteredV/0002.vcf, data/2019P1CommonT-2020P11FilteredV/0003.vcf, data/2019P1CommonT-2020P11FilteredV/README.txt
    jobid: 25
    reason: Missing output files: data/2019P1CommonT-2020P11FilteredV/0003.vcf, data/2019P1CommonT-2020P11FilteredV/0001.vcf, data/2019P1CommonT-2020P11FilteredV/0002.vcf, data/2019P1CommonT-2020P11FilteredV/0000.vcf; Input files updated by another job: data/2019P1CommonT-2020P11FilteredV/2019_P1Common.vcf.Train.gz, data/2019P1CommonT-2020P11FilteredV/2019_P1Common.vcf.Train.gz.csi, data/2019P1CommonT-2020P11FilteredV/2020_P11Filtered.vcf.Validate.gz.csi, data/2019P1CommonT-2020P11FilteredV/2020_P11Filtered.vcf.Validate.gz
    wildcards: runName=2019P1CommonT-2020P11FilteredV
    threads: 24
    resources: tmpdir=/tmp


        echo "Begin Intersect"
        echo "First arg: data/2019P1CommonT-2020P11FilteredV/2019_P1Common.vcf.Train.gz"
        echo "Second arg: data/2019P1CommonT-2020P11FilteredV/2020_P11Filtered.vcf.Validate.gz"
        bcftools isec 	  -c snps           -O v           -p "data/2019P1CommonT-2020P11FilteredV/"           --threads 24           data/2019P1CommonT-2020P11FilteredV/2019_P1Common.vcf.Train.gz           data/2019P1CommonT-2020P11FilteredV/2020_P11Filtered.vcf.Validate.gz
        
Activating conda environment: .snakemake/conda/76ff2408261345faa7c12fc405537ddd
[W::bcf_hdr_check_sanity] PL should be declared as Number=G
[Fri May 19 15:53:01 2023]
Finished job 25.
36 of 67 steps (54%) done
Removing temporary output data/2019P1CommonT-2020P11FilteredV/2019_P1Common.vcf.Train.gz.
Removing temporary output data/2019P1CommonT-2020P11FilteredV/2020_P11Filtered.vcf.Validate.gz.
Removing temporary output data/2019P1CommonT-2020P11FilteredV/2019_P1Common.vcf.Train.gz.csi.
Removing temporary output data/2019P1CommonT-2020P11FilteredV/2020_P11Filtered.vcf.Validate.gz.csi.
Removing temporary output data/2019P1CommonT-2020P11FilteredV/README.txt.
Select jobs to execute...

[Fri May 19 15:53:01 2023]
rule intersect:
    input: data/2019P1CommonT-2020P7FilteredV/2019_P1Common.vcf.Train.gz, data/2019P1CommonT-2020P7FilteredV/2020_P7Filtered.vcf.Validate.gz, data/2019P1CommonT-2020P7FilteredV/2019_P1Common.vcf.Train.gz.csi, data/2019P1CommonT-2020P7FilteredV/2020_P7Filtered.vcf.Validate.gz.csi
    output: data/2019P1CommonT-2020P7FilteredV/0000.vcf, data/2019P1CommonT-2020P7FilteredV/0001.vcf, data/2019P1CommonT-2020P7FilteredV/0002.vcf, data/2019P1CommonT-2020P7FilteredV/0003.vcf, data/2019P1CommonT-2020P7FilteredV/README.txt
    jobid: 14
    reason: Missing output files: data/2019P1CommonT-2020P7FilteredV/0002.vcf, data/2019P1CommonT-2020P7FilteredV/0001.vcf, data/2019P1CommonT-2020P7FilteredV/0000.vcf, data/2019P1CommonT-2020P7FilteredV/0003.vcf; Input files updated by another job: data/2019P1CommonT-2020P7FilteredV/2020_P7Filtered.vcf.Validate.gz.csi, data/2019P1CommonT-2020P7FilteredV/2019_P1Common.vcf.Train.gz, data/2019P1CommonT-2020P7FilteredV/2019_P1Common.vcf.Train.gz.csi, data/2019P1CommonT-2020P7FilteredV/2020_P7Filtered.vcf.Validate.gz
    wildcards: runName=2019P1CommonT-2020P7FilteredV
    threads: 24
    resources: tmpdir=/tmp


        echo "Begin Intersect"
        echo "First arg: data/2019P1CommonT-2020P7FilteredV/2019_P1Common.vcf.Train.gz"
        echo "Second arg: data/2019P1CommonT-2020P7FilteredV/2020_P7Filtered.vcf.Validate.gz"
        bcftools isec 	  -c snps           -O v           -p "data/2019P1CommonT-2020P7FilteredV/"           --threads 24           data/2019P1CommonT-2020P7FilteredV/2019_P1Common.vcf.Train.gz           data/2019P1CommonT-2020P7FilteredV/2020_P7Filtered.vcf.Validate.gz
        
Activating conda environment: .snakemake/conda/76ff2408261345faa7c12fc405537ddd
[W::bcf_hdr_check_sanity] PL should be declared as Number=G
[Fri May 19 18:22:40 2023]
Finished job 14.
37 of 67 steps (55%) done
Removing temporary output data/2019P1CommonT-2020P7FilteredV/2019_P1Common.vcf.Train.gz.
Removing temporary output data/2019P1CommonT-2020P7FilteredV/2020_P7Filtered.vcf.Validate.gz.
Removing temporary output data/2019P1CommonT-2020P7FilteredV/2019_P1Common.vcf.Train.gz.csi.
Removing temporary output data/2019P1CommonT-2020P7FilteredV/2020_P7Filtered.vcf.Validate.gz.csi.
Removing temporary output data/2019P1CommonT-2020P7FilteredV/README.txt.
Select jobs to execute...

[Fri May 19 18:22:40 2023]
rule intersect:
    input: data/2019P1CommonT-2020P8FilteredV/2019_P1Common.vcf.Train.gz, data/2019P1CommonT-2020P8FilteredV/2020_P8Filtered.vcf.Validate.gz, data/2019P1CommonT-2020P8FilteredV/2019_P1Common.vcf.Train.gz.csi, data/2019P1CommonT-2020P8FilteredV/2020_P8Filtered.vcf.Validate.gz.csi
    output: data/2019P1CommonT-2020P8FilteredV/0000.vcf, data/2019P1CommonT-2020P8FilteredV/0001.vcf, data/2019P1CommonT-2020P8FilteredV/0002.vcf, data/2019P1CommonT-2020P8FilteredV/0003.vcf, data/2019P1CommonT-2020P8FilteredV/README.txt
    jobid: 47
    reason: Missing output files: data/2019P1CommonT-2020P8FilteredV/0002.vcf, data/2019P1CommonT-2020P8FilteredV/0000.vcf, data/2019P1CommonT-2020P8FilteredV/0003.vcf, data/2019P1CommonT-2020P8FilteredV/0001.vcf; Input files updated by another job: data/2019P1CommonT-2020P8FilteredV/2020_P8Filtered.vcf.Validate.gz, data/2019P1CommonT-2020P8FilteredV/2019_P1Common.vcf.Train.gz.csi, data/2019P1CommonT-2020P8FilteredV/2020_P8Filtered.vcf.Validate.gz.csi, data/2019P1CommonT-2020P8FilteredV/2019_P1Common.vcf.Train.gz
    wildcards: runName=2019P1CommonT-2020P8FilteredV
    threads: 24
    resources: tmpdir=/tmp


        echo "Begin Intersect"
        echo "First arg: data/2019P1CommonT-2020P8FilteredV/2019_P1Common.vcf.Train.gz"
        echo "Second arg: data/2019P1CommonT-2020P8FilteredV/2020_P8Filtered.vcf.Validate.gz"
        bcftools isec 	  -c snps           -O v           -p "data/2019P1CommonT-2020P8FilteredV/"           --threads 24           data/2019P1CommonT-2020P8FilteredV/2019_P1Common.vcf.Train.gz           data/2019P1CommonT-2020P8FilteredV/2020_P8Filtered.vcf.Validate.gz
        
Activating conda environment: .snakemake/conda/76ff2408261345faa7c12fc405537ddd
[W::bcf_hdr_check_sanity] PL should be declared as Number=G
[Fri May 19 18:37:30 2023]
Finished job 47.
38 of 67 steps (57%) done
Removing temporary output data/2019P1CommonT-2020P8FilteredV/2019_P1Common.vcf.Train.gz.
Removing temporary output data/2019P1CommonT-2020P8FilteredV/2020_P8Filtered.vcf.Validate.gz.
Removing temporary output data/2019P1CommonT-2020P8FilteredV/2019_P1Common.vcf.Train.gz.csi.
Removing temporary output data/2019P1CommonT-2020P8FilteredV/2020_P8Filtered.vcf.Validate.gz.csi.
Removing temporary output data/2019P1CommonT-2020P8FilteredV/README.txt.
Select jobs to execute...

[Fri May 19 18:37:31 2023]
rule intersect:
    input: data/2019P1CommonT-2020P10FilteredV/2019_P1Common.vcf.Train.gz, data/2019P1CommonT-2020P10FilteredV/2020_P10Filtered.vcf.Validate.gz, data/2019P1CommonT-2020P10FilteredV/2019_P1Common.vcf.Train.gz.csi, data/2019P1CommonT-2020P10FilteredV/2020_P10Filtered.vcf.Validate.gz.csi
    output: data/2019P1CommonT-2020P10FilteredV/0000.vcf, data/2019P1CommonT-2020P10FilteredV/0001.vcf, data/2019P1CommonT-2020P10FilteredV/0002.vcf, data/2019P1CommonT-2020P10FilteredV/0003.vcf, data/2019P1CommonT-2020P10FilteredV/README.txt
    jobid: 58
    reason: Missing output files: data/2019P1CommonT-2020P10FilteredV/0003.vcf, data/2019P1CommonT-2020P10FilteredV/0001.vcf, data/2019P1CommonT-2020P10FilteredV/0002.vcf, data/2019P1CommonT-2020P10FilteredV/0000.vcf; Input files updated by another job: data/2019P1CommonT-2020P10FilteredV/2019_P1Common.vcf.Train.gz, data/2019P1CommonT-2020P10FilteredV/2019_P1Common.vcf.Train.gz.csi, data/2019P1CommonT-2020P10FilteredV/2020_P10Filtered.vcf.Validate.gz, data/2019P1CommonT-2020P10FilteredV/2020_P10Filtered.vcf.Validate.gz.csi
    wildcards: runName=2019P1CommonT-2020P10FilteredV
    threads: 24
    resources: tmpdir=/tmp


        echo "Begin Intersect"
        echo "First arg: data/2019P1CommonT-2020P10FilteredV/2019_P1Common.vcf.Train.gz"
        echo "Second arg: data/2019P1CommonT-2020P10FilteredV/2020_P10Filtered.vcf.Validate.gz"
        bcftools isec 	  -c snps           -O v           -p "data/2019P1CommonT-2020P10FilteredV/"           --threads 24           data/2019P1CommonT-2020P10FilteredV/2019_P1Common.vcf.Train.gz           data/2019P1CommonT-2020P10FilteredV/2020_P10Filtered.vcf.Validate.gz
        
Activating conda environment: .snakemake/conda/76ff2408261345faa7c12fc405537ddd
[W::bcf_hdr_check_sanity] PL should be declared as Number=G
[Fri May 19 18:52:44 2023]
Finished job 58.
39 of 67 steps (58%) done
Removing temporary output data/2019P1CommonT-2020P10FilteredV/2019_P1Common.vcf.Train.gz.
Removing temporary output data/2019P1CommonT-2020P10FilteredV/2020_P10Filtered.vcf.Validate.gz.
Removing temporary output data/2019P1CommonT-2020P10FilteredV/2019_P1Common.vcf.Train.gz.csi.
Removing temporary output data/2019P1CommonT-2020P10FilteredV/2020_P10Filtered.vcf.Validate.gz.csi.
Removing temporary output data/2019P1CommonT-2020P10FilteredV/README.txt.
Select jobs to execute...

[Fri May 19 18:52:44 2023]
rule intersect:
    input: data/2019P1CommonT-2020P6FilteredV/2019_P1Common.vcf.Train.gz, data/2019P1CommonT-2020P6FilteredV/2020_P6Filtered.vcf.Validate.gz, data/2019P1CommonT-2020P6FilteredV/2019_P1Common.vcf.Train.gz.csi, data/2019P1CommonT-2020P6FilteredV/2020_P6Filtered.vcf.Validate.gz.csi
    output: data/2019P1CommonT-2020P6FilteredV/0000.vcf, data/2019P1CommonT-2020P6FilteredV/0001.vcf, data/2019P1CommonT-2020P6FilteredV/0002.vcf, data/2019P1CommonT-2020P6FilteredV/0003.vcf, data/2019P1CommonT-2020P6FilteredV/README.txt
    jobid: 36
    reason: Missing output files: data/2019P1CommonT-2020P6FilteredV/0000.vcf, data/2019P1CommonT-2020P6FilteredV/0003.vcf, data/2019P1CommonT-2020P6FilteredV/0001.vcf, data/2019P1CommonT-2020P6FilteredV/0002.vcf; Input files updated by another job: data/2019P1CommonT-2020P6FilteredV/2020_P6Filtered.vcf.Validate.gz, data/2019P1CommonT-2020P6FilteredV/2019_P1Common.vcf.Train.gz, data/2019P1CommonT-2020P6FilteredV/2020_P6Filtered.vcf.Validate.gz.csi, data/2019P1CommonT-2020P6FilteredV/2019_P1Common.vcf.Train.gz.csi
    wildcards: runName=2019P1CommonT-2020P6FilteredV
    threads: 24
    resources: tmpdir=/tmp


        echo "Begin Intersect"
        echo "First arg: data/2019P1CommonT-2020P6FilteredV/2019_P1Common.vcf.Train.gz"
        echo "Second arg: data/2019P1CommonT-2020P6FilteredV/2020_P6Filtered.vcf.Validate.gz"
        bcftools isec 	  -c snps           -O v           -p "data/2019P1CommonT-2020P6FilteredV/"           --threads 24           data/2019P1CommonT-2020P6FilteredV/2019_P1Common.vcf.Train.gz           data/2019P1CommonT-2020P6FilteredV/2020_P6Filtered.vcf.Validate.gz
        
Activating conda environment: .snakemake/conda/76ff2408261345faa7c12fc405537ddd
[W::bcf_hdr_check_sanity] PL should be declared as Number=G
[Fri May 19 19:10:35 2023]
Finished job 36.
40 of 67 steps (60%) done
Removing temporary output data/2019P1CommonT-2020P6FilteredV/2019_P1Common.vcf.Train.gz.
Removing temporary output data/2019P1CommonT-2020P6FilteredV/2020_P6Filtered.vcf.Validate.gz.
Removing temporary output data/2019P1CommonT-2020P6FilteredV/2019_P1Common.vcf.Train.gz.csi.
Removing temporary output data/2019P1CommonT-2020P6FilteredV/2020_P6Filtered.vcf.Validate.gz.csi.
Removing temporary output data/2019P1CommonT-2020P6FilteredV/README.txt.
Select jobs to execute...

[Fri May 19 19:10:36 2023]
rule renameTrain:
    input: data/2019P1CommonT-2020P11FilteredV/0002.vcf
    output: data/2019P1CommonT-2020P11FilteredV/2019_P1Common.vcf.Train.Intersect
    jobid: 32
    reason: Missing output files: data/2019P1CommonT-2020P11FilteredV/2019_P1Common.vcf.Train.Intersect; Input files updated by another job: data/2019P1CommonT-2020P11FilteredV/0002.vcf
    wildcards: runName=2019P1CommonT-2020P11FilteredV, fileName=2019_P1Common
    resources: tmpdir=/tmp


        cp data/2019P1CommonT-2020P11FilteredV/0002.vcf data/2019P1CommonT-2020P11FilteredV/2019_P1Common.vcf.Train.Intersect
        

[Fri May 19 19:10:36 2023]
rule renameTrain:
    input: data/2019P1CommonT-2020P7FilteredV/0002.vcf
    output: data/2019P1CommonT-2020P7FilteredV/2019_P1Common.vcf.Train.Intersect
    jobid: 21
    reason: Missing output files: data/2019P1CommonT-2020P7FilteredV/2019_P1Common.vcf.Train.Intersect; Input files updated by another job: data/2019P1CommonT-2020P7FilteredV/0002.vcf
    wildcards: runName=2019P1CommonT-2020P7FilteredV, fileName=2019_P1Common
    resources: tmpdir=/tmp


        cp data/2019P1CommonT-2020P7FilteredV/0002.vcf data/2019P1CommonT-2020P7FilteredV/2019_P1Common.vcf.Train.Intersect
        

[Fri May 19 19:10:36 2023]
rule renameValid:
    input: data/2019P1CommonT-2020P10FilteredV/0003.vcf
    output: data/2019P1CommonT-2020P10FilteredV/2020_P10Filtered.vcf.Validate.Intersect
    jobid: 66
    reason: Missing output files: data/2019P1CommonT-2020P10FilteredV/2020_P10Filtered.vcf.Validate.Intersect; Input files updated by another job: data/2019P1CommonT-2020P10FilteredV/0003.vcf
    wildcards: runName=2019P1CommonT-2020P10FilteredV, fileName=2020_P10Filtered
    resources: tmpdir=/tmp


        cp data/2019P1CommonT-2020P10FilteredV/0003.vcf data/2019P1CommonT-2020P10FilteredV/2020_P10Filtered.vcf.Validate.Intersect
        

[Fri May 19 19:10:36 2023]
rule renameValid:
    input: data/2019P1CommonT-2020P8FilteredV/0003.vcf
    output: data/2019P1CommonT-2020P8FilteredV/2020_P8Filtered.vcf.Validate.Intersect
    jobid: 55
    reason: Missing output files: data/2019P1CommonT-2020P8FilteredV/2020_P8Filtered.vcf.Validate.Intersect; Input files updated by another job: data/2019P1CommonT-2020P8FilteredV/0003.vcf
    wildcards: runName=2019P1CommonT-2020P8FilteredV, fileName=2020_P8Filtered
    resources: tmpdir=/tmp


        cp data/2019P1CommonT-2020P8FilteredV/0003.vcf data/2019P1CommonT-2020P8FilteredV/2020_P8Filtered.vcf.Validate.Intersect
        

[Fri May 19 19:10:36 2023]
rule renameValid:
    input: data/2019P1CommonT-2020P6FilteredV/0003.vcf
    output: data/2019P1CommonT-2020P6FilteredV/2020_P6Filtered.vcf.Validate.Intersect
    jobid: 44
    reason: Missing output files: data/2019P1CommonT-2020P6FilteredV/2020_P6Filtered.vcf.Validate.Intersect; Input files updated by another job: data/2019P1CommonT-2020P6FilteredV/0003.vcf
    wildcards: runName=2019P1CommonT-2020P6FilteredV, fileName=2020_P6Filtered
    resources: tmpdir=/tmp


        cp data/2019P1CommonT-2020P6FilteredV/0003.vcf data/2019P1CommonT-2020P6FilteredV/2020_P6Filtered.vcf.Validate.Intersect
        

[Fri May 19 19:10:36 2023]
rule renameValid:
    input: data/2019P1CommonT-2020P11FilteredV/0003.vcf
    output: data/2019P1CommonT-2020P11FilteredV/2020_P11Filtered.vcf.Validate.Intersect
    jobid: 33
    reason: Missing output files: data/2019P1CommonT-2020P11FilteredV/2020_P11Filtered.vcf.Validate.Intersect; Input files updated by another job: data/2019P1CommonT-2020P11FilteredV/0003.vcf
    wildcards: runName=2019P1CommonT-2020P11FilteredV, fileName=2020_P11Filtered
    resources: tmpdir=/tmp


        cp data/2019P1CommonT-2020P11FilteredV/0003.vcf data/2019P1CommonT-2020P11FilteredV/2020_P11Filtered.vcf.Validate.Intersect
        

[Fri May 19 19:10:36 2023]
rule renameTrain:
    input: data/2019P1CommonT-2020P10FilteredV/0002.vcf
    output: data/2019P1CommonT-2020P10FilteredV/2019_P1Common.vcf.Train.Intersect
    jobid: 65
    reason: Missing output files: data/2019P1CommonT-2020P10FilteredV/2019_P1Common.vcf.Train.Intersect; Input files updated by another job: data/2019P1CommonT-2020P10FilteredV/0002.vcf
    wildcards: runName=2019P1CommonT-2020P10FilteredV, fileName=2019_P1Common
    resources: tmpdir=/tmp


        cp data/2019P1CommonT-2020P10FilteredV/0002.vcf data/2019P1CommonT-2020P10FilteredV/2019_P1Common.vcf.Train.Intersect
        

[Fri May 19 19:10:36 2023]
rule renameValid:
    input: data/2019P1CommonT-2020P7FilteredV/0003.vcf
    output: data/2019P1CommonT-2020P7FilteredV/2020_P7Filtered.vcf.Validate.Intersect
    jobid: 22
    reason: Missing output files: data/2019P1CommonT-2020P7FilteredV/2020_P7Filtered.vcf.Validate.Intersect; Input files updated by another job: data/2019P1CommonT-2020P7FilteredV/0003.vcf
    wildcards: runName=2019P1CommonT-2020P7FilteredV, fileName=2020_P7Filtered
    resources: tmpdir=/tmp


        cp data/2019P1CommonT-2020P7FilteredV/0003.vcf data/2019P1CommonT-2020P7FilteredV/2020_P7Filtered.vcf.Validate.Intersect
        

[Fri May 19 19:10:36 2023]
rule indexValid:
    input: data/2019P1CommonT-2020P12FilteredV/2020_P12Filtered.vcf.Validate.gz
    output: data/2019P1CommonT-2020P12FilteredV/2020_P12Filtered.vcf.Validate.gz.csi
    jobid: 9
    reason: Missing output files: data/2019P1CommonT-2020P12FilteredV/2020_P12Filtered.vcf.Validate.gz.csi; Input files updated by another job: data/2019P1CommonT-2020P12FilteredV/2020_P12Filtered.vcf.Validate.gz
    wildcards: runName=2019P1CommonT-2020P12FilteredV, valid=2020_P12Filtered
    threads: 8
    resources: tmpdir=/tmp


        bcftools index -cf --threads 8 data/2019P1CommonT-2020P12FilteredV/2020_P12Filtered.vcf.Validate.gz > data/2019P1CommonT-2020P12FilteredV/2020_P12Filtered.vcf.Validate.gz.csi
        
Activating conda environment: .snakemake/conda/76ff2408261345faa7c12fc405537ddd

[Fri May 19 19:10:36 2023]
rule renameTrain:
    input: data/2019P1CommonT-2020P8FilteredV/0002.vcf
    output: data/2019P1CommonT-2020P8FilteredV/2019_P1Common.vcf.Train.Intersect
    jobid: 54
    reason: Missing output files: data/2019P1CommonT-2020P8FilteredV/2019_P1Common.vcf.Train.Intersect; Input files updated by another job: data/2019P1CommonT-2020P8FilteredV/0002.vcf
    wildcards: runName=2019P1CommonT-2020P8FilteredV, fileName=2019_P1Common
    resources: tmpdir=/tmp


        cp data/2019P1CommonT-2020P8FilteredV/0002.vcf data/2019P1CommonT-2020P8FilteredV/2019_P1Common.vcf.Train.Intersect
        

[Fri May 19 19:10:36 2023]
rule renameTrain:
    input: data/2019P1CommonT-2020P6FilteredV/0002.vcf
    output: data/2019P1CommonT-2020P6FilteredV/2019_P1Common.vcf.Train.Intersect
    jobid: 43
    reason: Missing output files: data/2019P1CommonT-2020P6FilteredV/2019_P1Common.vcf.Train.Intersect; Input files updated by another job: data/2019P1CommonT-2020P6FilteredV/0002.vcf
    wildcards: runName=2019P1CommonT-2020P6FilteredV, fileName=2019_P1Common
    resources: tmpdir=/tmp


        cp data/2019P1CommonT-2020P6FilteredV/0002.vcf data/2019P1CommonT-2020P6FilteredV/2019_P1Common.vcf.Train.Intersect
        
[Fri May 19 19:10:51 2023]
Finished job 9.
41 of 67 steps (61%) done
Select jobs to execute...
[Fri May 19 19:12:21 2023]
Finished job 65.
42 of 67 steps (63%) done
[Fri May 19 19:12:23 2023]
Finished job 43.
43 of 67 steps (64%) done
[Fri May 19 19:12:23 2023]
Finished job 54.
44 of 67 steps (66%) done
[Fri May 19 19:12:24 2023]
Finished job 21.
45 of 67 steps (67%) done
[Fri May 19 19:12:25 2023]
Finished job 66.
46 of 67 steps (69%) done

[Fri May 19 19:12:25 2023]
rule analysis:
    input: data/2019P1CommonT-2020P10FilteredV/0000.vcf, data/2019P1CommonT-2020P10FilteredV/0001.vcf, data/2019P1CommonT-2020P10FilteredV/0002.vcf, data/2019P1CommonT-2020P10FilteredV/0003.vcf, data/2019P1CommonT-2020P10FilteredV/2019_P1Common.vcf.Train.Intersect, data/2019P1CommonT-2020P10FilteredV/2020_P10Filtered.vcf.Validate.Intersect
    output: data/2019P1CommonT-2020P10FilteredV/report.txt, data/2019P1CommonT-2020P10FilteredV/reportDifferences.txt
    jobid: 57
    reason: Missing output files: data/2019P1CommonT-2020P10FilteredV/report.txt; Input files updated by another job: data/2019P1CommonT-2020P10FilteredV/0003.vcf, data/2019P1CommonT-2020P10FilteredV/0002.vcf, data/2019P1CommonT-2020P10FilteredV/2020_P10Filtered.vcf.Validate.Intersect, data/2019P1CommonT-2020P10FilteredV/0001.vcf, data/2019P1CommonT-2020P10FilteredV/2019_P1Common.vcf.Train.Intersect, data/2019P1CommonT-2020P10FilteredV/0000.vcf
    wildcards: runName=2019P1CommonT-2020P10FilteredV
    resources: tmpdir=/tmp

/home/holdens/miniconda3/envs/snakemake/bin/python3.10 /mnt/QNAP/holdens/PROC/cassetteIntersect/.snakemake/scripts/tmpeooxqfvm.analysis.py
Activating conda environment: .snakemake/conda/76ff2408261345faa7c12fc405537ddd
[Fri May 19 19:12:25 2023]
Finished job 55.
47 of 67 steps (70%) done
Select jobs to execute...

[Fri May 19 19:12:25 2023]
rule analysis:
    input: data/2019P1CommonT-2020P8FilteredV/0000.vcf, data/2019P1CommonT-2020P8FilteredV/0001.vcf, data/2019P1CommonT-2020P8FilteredV/0002.vcf, data/2019P1CommonT-2020P8FilteredV/0003.vcf, data/2019P1CommonT-2020P8FilteredV/2019_P1Common.vcf.Train.Intersect, data/2019P1CommonT-2020P8FilteredV/2020_P8Filtered.vcf.Validate.Intersect
    output: data/2019P1CommonT-2020P8FilteredV/report.txt, data/2019P1CommonT-2020P8FilteredV/reportDifferences.txt
    jobid: 46
    reason: Missing output files: data/2019P1CommonT-2020P8FilteredV/report.txt; Input files updated by another job: data/2019P1CommonT-2020P8FilteredV/0003.vcf, data/2019P1CommonT-2020P8FilteredV/2020_P8Filtered.vcf.Validate.Intersect, data/2019P1CommonT-2020P8FilteredV/0001.vcf, data/2019P1CommonT-2020P8FilteredV/2019_P1Common.vcf.Train.Intersect, data/2019P1CommonT-2020P8FilteredV/0002.vcf, data/2019P1CommonT-2020P8FilteredV/0000.vcf
    wildcards: runName=2019P1CommonT-2020P8FilteredV
    resources: tmpdir=/tmp

/home/holdens/miniconda3/envs/snakemake/bin/python3.10 /mnt/QNAP/holdens/PROC/cassetteIntersect/.snakemake/scripts/tmpz8rhaa7q.analysis.py
Activating conda environment: .snakemake/conda/76ff2408261345faa7c12fc405537ddd
[Fri May 19 19:12:25 2023]
Finished job 44.
48 of 67 steps (72%) done
Select jobs to execute...

[Fri May 19 19:12:25 2023]
rule analysis:
    input: data/2019P1CommonT-2020P6FilteredV/0000.vcf, data/2019P1CommonT-2020P6FilteredV/0001.vcf, data/2019P1CommonT-2020P6FilteredV/0002.vcf, data/2019P1CommonT-2020P6FilteredV/0003.vcf, data/2019P1CommonT-2020P6FilteredV/2019_P1Common.vcf.Train.Intersect, data/2019P1CommonT-2020P6FilteredV/2020_P6Filtered.vcf.Validate.Intersect
    output: data/2019P1CommonT-2020P6FilteredV/report.txt, data/2019P1CommonT-2020P6FilteredV/reportDifferences.txt
    jobid: 35
    reason: Missing output files: data/2019P1CommonT-2020P6FilteredV/report.txt; Input files updated by another job: data/2019P1CommonT-2020P6FilteredV/0000.vcf, data/2019P1CommonT-2020P6FilteredV/0003.vcf, data/2019P1CommonT-2020P6FilteredV/2019_P1Common.vcf.Train.Intersect, data/2019P1CommonT-2020P6FilteredV/0001.vcf, data/2019P1CommonT-2020P6FilteredV/0002.vcf, data/2019P1CommonT-2020P6FilteredV/2020_P6Filtered.vcf.Validate.Intersect
    wildcards: runName=2019P1CommonT-2020P6FilteredV
    resources: tmpdir=/tmp

/home/holdens/miniconda3/envs/snakemake/bin/python3.10 /mnt/QNAP/holdens/PROC/cassetteIntersect/.snakemake/scripts/tmp9orqhd9t.analysis.py
Activating conda environment: .snakemake/conda/76ff2408261345faa7c12fc405537ddd
[Fri May 19 19:12:27 2023]
Finished job 32.
49 of 67 steps (73%) done
Select jobs to execute...
[Fri May 19 19:12:27 2023]
Finished job 22.
50 of 67 steps (75%) done
[W::bcf_hdr_check_sanity] PL should be declared as Number=G[W::bcf_hdr_check_sanity] 
PL should be declared as Number=G

[Fri May 19 19:12:28 2023]
rule analysis:
    input: data/2019P1CommonT-2020P7FilteredV/0000.vcf, data/2019P1CommonT-2020P7FilteredV/0001.vcf, data/2019P1CommonT-2020P7FilteredV/0002.vcf, data/2019P1CommonT-2020P7FilteredV/0003.vcf, data/2019P1CommonT-2020P7FilteredV/2019_P1Common.vcf.Train.Intersect, data/2019P1CommonT-2020P7FilteredV/2020_P7Filtered.vcf.Validate.Intersect
    output: data/2019P1CommonT-2020P7FilteredV/report.txt, data/2019P1CommonT-2020P7FilteredV/reportDifferences.txt
    jobid: 13
    reason: Missing output files: data/2019P1CommonT-2020P7FilteredV/report.txt; Input files updated by another job: data/2019P1CommonT-2020P7FilteredV/0001.vcf, data/2019P1CommonT-2020P7FilteredV/2019_P1Common.vcf.Train.Intersect, data/2019P1CommonT-2020P7FilteredV/0003.vcf, data/2019P1CommonT-2020P7FilteredV/2020_P7Filtered.vcf.Validate.Intersect, data/2019P1CommonT-2020P7FilteredV/0002.vcf, data/2019P1CommonT-2020P7FilteredV/0000.vcf
    wildcards: runName=2019P1CommonT-2020P7FilteredV
    resources: tmpdir=/tmp

/home/holdens/miniconda3/envs/snakemake/bin/python3.10 /mnt/QNAP/holdens/PROC/cassetteIntersect/.snakemake/scripts/tmp4zdp_m7a.analysis.py
Activating conda environment: .snakemake/conda/76ff2408261345faa7c12fc405537ddd
[W::bcf_hdr_check_sanity] PL should be declared as Number=G
[W::bcf_hdr_check_sanity] PL should be declared as Number=G
[W::bcf_hdr_check_sanity] PL should be declared as Number=G
[W::bcf_hdr_check_sanity] PL should be declared as Number=G
[W::bcf_hdr_check_sanity] PL should be declared as Number=G
[W::bcf_hdr_check_sanity] PL should be declared as Number=G
[W::bcf_hdr_check_sanity] PL should be declared as Number=G
[W::bcf_hdr_check_sanity] PL should be declared as Number=G
[W::bcf_hdr_check_sanity] PL should be declared as Number=G
[W::bcf_hdr_check_sanity] PL should be declared as Number=G
[W::bcf_hdr_check_sanity] PL should be declared as Number=G[W::bcf_hdr_check_sanity] 
PL should be declared as Number=G
[W::bcf_hdr_check_sanity] PL should be declared as Number=G[W::bcf_hdr_check_sanity] 
PL should be declared as Number=G
[W::bcf_hdr_check_sanity] PL should be declared as Number=G
[W::bcf_hdr_check_sanity] PL should be declared as Number=G
[W::bcf_hdr_check_sanity] PL should be declared as Number=G
[Fri May 19 19:13:44 2023]
Finished job 57.
51 of 67 steps (76%) done
Removing temporary output data/2019P1CommonT-2020P10FilteredV/0003.vcf.
Removing temporary output data/2019P1CommonT-2020P10FilteredV/0001.vcf.
[W::bcf_hdr_check_sanity] PL should be declared as Number=G
Removing temporary output data/2019P1CommonT-2020P10FilteredV/0002.vcf.
Removing temporary output data/2019P1CommonT-2020P10FilteredV/0000.vcf.
Select jobs to execute...

[Fri May 19 19:13:44 2023]
rule finalize:
    input: data/2019P1CommonT-2020P10FilteredV/report.txt
    output: results/2019P1CommonT-2020P10FilteredV/all.done.flag
    jobid: 56
    reason: Missing output files: results/2019P1CommonT-2020P10FilteredV/all.done.flag; Input files updated by another job: data/2019P1CommonT-2020P10FilteredV/report.txt
    wildcards: runName=2019P1CommonT-2020P10FilteredV
    resources: tmpdir=/tmp


        mv data/2019P1CommonT-2020P10FilteredV results/
        touch results/2019P1CommonT-2020P10FilteredV/all.done.flag
        
[Fri May 19 19:13:45 2023]
Finished job 46.
52 of 67 steps (78%) done
Removing temporary output data/2019P1CommonT-2020P8FilteredV/0002.vcf.
[W::bcf_hdr_check_sanity] PL should be declared as Number=G
Removing temporary output data/2019P1CommonT-2020P8FilteredV/0000.vcf.
Removing temporary output data/2019P1CommonT-2020P8FilteredV/0003.vcf.
Removing temporary output data/2019P1CommonT-2020P8FilteredV/0001.vcf.
Select jobs to execute...

[Fri May 19 19:13:45 2023]
rule finalize:
    input: data/2019P1CommonT-2020P8FilteredV/report.txt
    output: results/2019P1CommonT-2020P8FilteredV/all.done.flag
    jobid: 45
    reason: Missing output files: results/2019P1CommonT-2020P8FilteredV/all.done.flag; Input files updated by another job: data/2019P1CommonT-2020P8FilteredV/report.txt
    wildcards: runName=2019P1CommonT-2020P8FilteredV
    resources: tmpdir=/tmp


        mv data/2019P1CommonT-2020P8FilteredV results/
        touch results/2019P1CommonT-2020P8FilteredV/all.done.flag
        
[Fri May 19 19:13:45 2023]
Finished job 35.
53 of 67 steps (79%) done
Removing temporary output data/2019P1CommonT-2020P6FilteredV/0000.vcf.
Removing temporary output data/2019P1CommonT-2020P6FilteredV/0003.vcf.
Removing temporary output data/2019P1CommonT-2020P6FilteredV/0001.vcf.
Removing temporary output data/2019P1CommonT-2020P6FilteredV/0002.vcf.
[Fri May 19 19:13:45 2023]
Finished job 56.
54 of 67 steps (81%) done
Select jobs to execute...
[W::bcf_hdr_check_sanity] PL should be declared as Number=G

[Fri May 19 19:13:45 2023]
rule finalize:
    input: data/2019P1CommonT-2020P6FilteredV/report.txt
    output: results/2019P1CommonT-2020P6FilteredV/all.done.flag
    jobid: 34
    reason: Missing output files: results/2019P1CommonT-2020P6FilteredV/all.done.flag; Input files updated by another job: data/2019P1CommonT-2020P6FilteredV/report.txt
    wildcards: runName=2019P1CommonT-2020P6FilteredV
    resources: tmpdir=/tmp


        mv data/2019P1CommonT-2020P6FilteredV results/
        touch results/2019P1CommonT-2020P6FilteredV/all.done.flag
        
[Fri May 19 19:13:45 2023]
Finished job 45.
55 of 67 steps (82%) done
Select jobs to execute...
[Fri May 19 19:13:45 2023]
Finished job 34.
56 of 67 steps (84%) done
[Fri May 19 19:13:45 2023]
Finished job 33.
57 of 67 steps (85%) done
[W::bcf_hdr_check_sanity] PL should be declared as Number=G

[Fri May 19 19:13:45 2023]
rule analysis:
    input: data/2019P1CommonT-2020P11FilteredV/0000.vcf, data/2019P1CommonT-2020P11FilteredV/0001.vcf, data/2019P1CommonT-2020P11FilteredV/0002.vcf, data/2019P1CommonT-2020P11FilteredV/0003.vcf, data/2019P1CommonT-2020P11FilteredV/2019_P1Common.vcf.Train.Intersect, data/2019P1CommonT-2020P11FilteredV/2020_P11Filtered.vcf.Validate.Intersect
    output: data/2019P1CommonT-2020P11FilteredV/report.txt, data/2019P1CommonT-2020P11FilteredV/reportDifferences.txt
    jobid: 24
    reason: Missing output files: data/2019P1CommonT-2020P11FilteredV/report.txt; Input files updated by another job: data/2019P1CommonT-2020P11FilteredV/2020_P11Filtered.vcf.Validate.Intersect, data/2019P1CommonT-2020P11FilteredV/2019_P1Common.vcf.Train.Intersect, data/2019P1CommonT-2020P11FilteredV/0002.vcf, data/2019P1CommonT-2020P11FilteredV/0000.vcf, data/2019P1CommonT-2020P11FilteredV/0003.vcf, data/2019P1CommonT-2020P11FilteredV/0001.vcf
    wildcards: runName=2019P1CommonT-2020P11FilteredV
    resources: tmpdir=/tmp

/home/holdens/miniconda3/envs/snakemake/bin/python3.10 /mnt/QNAP/holdens/PROC/cassetteIntersect/.snakemake/scripts/tmp5gug1hr7.analysis.py
Activating conda environment: .snakemake/conda/76ff2408261345faa7c12fc405537ddd
[W::bcf_hdr_check_sanity] PL should be declared as Number=G
[Fri May 19 19:13:46 2023]
Finished job 13.
58 of 67 steps (87%) done
Removing temporary output data/2019P1CommonT-2020P7FilteredV/0002.vcf.
Removing temporary output data/2019P1CommonT-2020P7FilteredV/0001.vcf.
Removing temporary output data/2019P1CommonT-2020P7FilteredV/0000.vcf.
Removing temporary output data/2019P1CommonT-2020P7FilteredV/0003.vcf.
Select jobs to execute...

[Fri May 19 19:13:47 2023]
rule finalize:
    input: data/2019P1CommonT-2020P7FilteredV/report.txt
    output: results/2019P1CommonT-2020P7FilteredV/all.done.flag
    jobid: 12
    reason: Missing output files: results/2019P1CommonT-2020P7FilteredV/all.done.flag; Input files updated by another job: data/2019P1CommonT-2020P7FilteredV/report.txt
    wildcards: runName=2019P1CommonT-2020P7FilteredV
    resources: tmpdir=/tmp


        mv data/2019P1CommonT-2020P7FilteredV results/
        touch results/2019P1CommonT-2020P7FilteredV/all.done.flag
        
[Fri May 19 19:13:47 2023]
Finished job 12.
59 of 67 steps (88%) done
[W::bcf_hdr_check_sanity] PL should be declared as Number=G
Select jobs to execute...
[W::bcf_hdr_check_sanity] PL should be declared as Number=G
[W::bcf_hdr_check_sanity] PL should be declared as Number=G
[W::bcf_hdr_check_sanity] PL should be declared as Number=G
[W::bcf_hdr_check_sanity] PL should be declared as Number=G
[W::bcf_hdr_check_sanity] PL should be declared as Number=G
[Fri May 19 19:14:06 2023]
Finished job 24.
60 of 67 steps (90%) done
Removing temporary output data/2019P1CommonT-2020P11FilteredV/0003.vcf.
Removing temporary output data/2019P1CommonT-2020P11FilteredV/0001.vcf.
Removing temporary output data/2019P1CommonT-2020P11FilteredV/0002.vcf.
Removing temporary output data/2019P1CommonT-2020P11FilteredV/0000.vcf.

[Fri May 19 19:14:06 2023]
rule intersect:
    input: data/2019P1CommonT-2020P12FilteredV/2019_P1Common.vcf.Train.gz, data/2019P1CommonT-2020P12FilteredV/2020_P12Filtered.vcf.Validate.gz, data/2019P1CommonT-2020P12FilteredV/2019_P1Common.vcf.Train.gz.csi, data/2019P1CommonT-2020P12FilteredV/2020_P12Filtered.vcf.Validate.gz.csi
    output: data/2019P1CommonT-2020P12FilteredV/0000.vcf, data/2019P1CommonT-2020P12FilteredV/0001.vcf, data/2019P1CommonT-2020P12FilteredV/0002.vcf, data/2019P1CommonT-2020P12FilteredV/0003.vcf, data/2019P1CommonT-2020P12FilteredV/README.txt
    jobid: 3
    reason: Missing output files: data/2019P1CommonT-2020P12FilteredV/0002.vcf, data/2019P1CommonT-2020P12FilteredV/0001.vcf, data/2019P1CommonT-2020P12FilteredV/0000.vcf, data/2019P1CommonT-2020P12FilteredV/0003.vcf; Input files updated by another job: data/2019P1CommonT-2020P12FilteredV/2019_P1Common.vcf.Train.gz, data/2019P1CommonT-2020P12FilteredV/2020_P12Filtered.vcf.Validate.gz.csi, data/2019P1CommonT-2020P12FilteredV/2019_P1Common.vcf.Train.gz.csi, data/2019P1CommonT-2020P12FilteredV/2020_P12Filtered.vcf.Validate.gz
    wildcards: runName=2019P1CommonT-2020P12FilteredV
    threads: 24
    resources: tmpdir=/tmp


        echo "Begin Intersect"
        echo "First arg: data/2019P1CommonT-2020P12FilteredV/2019_P1Common.vcf.Train.gz"
        echo "Second arg: data/2019P1CommonT-2020P12FilteredV/2020_P12Filtered.vcf.Validate.gz"
        bcftools isec 	  -c snps           -O v           -p "data/2019P1CommonT-2020P12FilteredV/"           --threads 24           data/2019P1CommonT-2020P12FilteredV/2019_P1Common.vcf.Train.gz           data/2019P1CommonT-2020P12FilteredV/2020_P12Filtered.vcf.Validate.gz
        
Activating conda environment: .snakemake/conda/76ff2408261345faa7c12fc405537ddd
[W::bcf_hdr_check_sanity] PL should be declared as Number=G
[Fri May 19 19:34:35 2023]
Finished job 3.
61 of 67 steps (91%) done
Removing temporary output data/2019P1CommonT-2020P12FilteredV/2019_P1Common.vcf.Train.gz.
Removing temporary output data/2019P1CommonT-2020P12FilteredV/2020_P12Filtered.vcf.Validate.gz.
Removing temporary output data/2019P1CommonT-2020P12FilteredV/2019_P1Common.vcf.Train.gz.csi.
Removing temporary output data/2019P1CommonT-2020P12FilteredV/2020_P12Filtered.vcf.Validate.gz.csi.
Removing temporary output data/2019P1CommonT-2020P12FilteredV/README.txt.
Select jobs to execute...

[Fri May 19 19:34:36 2023]
rule finalize:
    input: data/2019P1CommonT-2020P11FilteredV/report.txt
    output: results/2019P1CommonT-2020P11FilteredV/all.done.flag
    jobid: 23
    reason: Missing output files: results/2019P1CommonT-2020P11FilteredV/all.done.flag; Input files updated by another job: data/2019P1CommonT-2020P11FilteredV/report.txt
    wildcards: runName=2019P1CommonT-2020P11FilteredV
    resources: tmpdir=/tmp


        mv data/2019P1CommonT-2020P11FilteredV results/
        touch results/2019P1CommonT-2020P11FilteredV/all.done.flag
        

[Fri May 19 19:34:36 2023]
rule renameTrain:
    input: data/2019P1CommonT-2020P12FilteredV/0002.vcf
    output: data/2019P1CommonT-2020P12FilteredV/2019_P1Common.vcf.Train.Intersect
    jobid: 10
    reason: Missing output files: data/2019P1CommonT-2020P12FilteredV/2019_P1Common.vcf.Train.Intersect; Input files updated by another job: data/2019P1CommonT-2020P12FilteredV/0002.vcf
    wildcards: runName=2019P1CommonT-2020P12FilteredV, fileName=2019_P1Common
    resources: tmpdir=/tmp


        cp data/2019P1CommonT-2020P12FilteredV/0002.vcf data/2019P1CommonT-2020P12FilteredV/2019_P1Common.vcf.Train.Intersect
        

[Fri May 19 19:34:36 2023]
rule renameValid:
    input: data/2019P1CommonT-2020P12FilteredV/0003.vcf
    output: data/2019P1CommonT-2020P12FilteredV/2020_P12Filtered.vcf.Validate.Intersect
    jobid: 11
    reason: Missing output files: data/2019P1CommonT-2020P12FilteredV/2020_P12Filtered.vcf.Validate.Intersect; Input files updated by another job: data/2019P1CommonT-2020P12FilteredV/0003.vcf
    wildcards: runName=2019P1CommonT-2020P12FilteredV, fileName=2020_P12Filtered
    resources: tmpdir=/tmp


        cp data/2019P1CommonT-2020P12FilteredV/0003.vcf data/2019P1CommonT-2020P12FilteredV/2020_P12Filtered.vcf.Validate.Intersect
        
[Fri May 19 19:34:36 2023]
Finished job 23.
62 of 67 steps (93%) done
[Fri May 19 19:34:47 2023]
Finished job 10.
63 of 67 steps (94%) done
[Fri May 19 19:34:48 2023]
Finished job 11.
64 of 67 steps (96%) done
Select jobs to execute...

[Fri May 19 19:34:48 2023]
rule analysis:
    input: data/2019P1CommonT-2020P12FilteredV/0000.vcf, data/2019P1CommonT-2020P12FilteredV/0001.vcf, data/2019P1CommonT-2020P12FilteredV/0002.vcf, data/2019P1CommonT-2020P12FilteredV/0003.vcf, data/2019P1CommonT-2020P12FilteredV/2019_P1Common.vcf.Train.Intersect, data/2019P1CommonT-2020P12FilteredV/2020_P12Filtered.vcf.Validate.Intersect
    output: data/2019P1CommonT-2020P12FilteredV/report.txt, data/2019P1CommonT-2020P12FilteredV/reportDifferences.txt
    jobid: 2
    reason: Missing output files: data/2019P1CommonT-2020P12FilteredV/report.txt; Input files updated by another job: data/2019P1CommonT-2020P12FilteredV/0001.vcf, data/2019P1CommonT-2020P12FilteredV/0000.vcf, data/2019P1CommonT-2020P12FilteredV/2019_P1Common.vcf.Train.Intersect, data/2019P1CommonT-2020P12FilteredV/0002.vcf, data/2019P1CommonT-2020P12FilteredV/2020_P12Filtered.vcf.Validate.Intersect, data/2019P1CommonT-2020P12FilteredV/0003.vcf
    wildcards: runName=2019P1CommonT-2020P12FilteredV
    resources: tmpdir=/tmp

/home/holdens/miniconda3/envs/snakemake/bin/python3.10 /mnt/QNAP/holdens/PROC/cassetteIntersect/.snakemake/scripts/tmpa1syb7yr.analysis.py
Activating conda environment: .snakemake/conda/76ff2408261345faa7c12fc405537ddd
[W::bcf_hdr_check_sanity] PL should be declared as Number=G
[W::bcf_hdr_check_sanity] PL should be declared as Number=G
[W::bcf_hdr_check_sanity] PL should be declared as Number=G
[W::bcf_hdr_check_sanity] PL should be declared as Number=G
[W::bcf_hdr_check_sanity] PL should be declared as Number=G
[W::bcf_hdr_check_sanity] PL should be declared as Number=G
[Fri May 19 19:35:02 2023]
Finished job 2.
65 of 67 steps (97%) done
Removing temporary output data/2019P1CommonT-2020P12FilteredV/0002.vcf.
Removing temporary output data/2019P1CommonT-2020P12FilteredV/0001.vcf.
Removing temporary output data/2019P1CommonT-2020P12FilteredV/0000.vcf.
Removing temporary output data/2019P1CommonT-2020P12FilteredV/0003.vcf.
Select jobs to execute...

[Fri May 19 19:35:02 2023]
rule finalize:
    input: data/2019P1CommonT-2020P12FilteredV/report.txt
    output: results/2019P1CommonT-2020P12FilteredV/all.done.flag
    jobid: 1
    reason: Missing output files: results/2019P1CommonT-2020P12FilteredV/all.done.flag; Input files updated by another job: data/2019P1CommonT-2020P12FilteredV/report.txt
    wildcards: runName=2019P1CommonT-2020P12FilteredV
    resources: tmpdir=/tmp


        mv data/2019P1CommonT-2020P12FilteredV results/
        touch results/2019P1CommonT-2020P12FilteredV/all.done.flag
        
[Fri May 19 19:35:02 2023]
Finished job 1.
66 of 67 steps (99%) done
Select jobs to execute...

[Fri May 19 19:35:02 2023]
rule all:
    input: results/2019P1CommonT-2020P12FilteredV/all.done.flag, results/2019P1CommonT-2020P7FilteredV/all.done.flag, results/2019P1CommonT-2020P11FilteredV/all.done.flag, results/2019P1CommonT-2020P6FilteredV/all.done.flag, results/2019P1CommonT-2020P8FilteredV/all.done.flag, results/2019P1CommonT-2020P10FilteredV/all.done.flag
    jobid: 0
    reason: Rules with a run or shell declaration but no output are always executed.
    resources: tmpdir=/tmp

echo BEGIN all
[Fri May 19 19:35:02 2023]
Finished job 0.
67 of 67 steps (100%) done
Complete log: .snakemake/log/2023-05-19T121513.358325.snakemake.log
